<?xml version="1.0" encoding="UTF-8"?>
<testng-results skipped="0" failed="0" ignored="0" total="1" passed="1">
  <reporter-output>
  </reporter-output>
  <suite name="Default suite" duration-ms="35616" started-at="2021-02-07T10:55:43Z" finished-at="2021-02-07T10:56:19Z">
    <groups>
    </groups>
    <test name="Default test" duration-ms="35616" started-at="2021-02-07T10:55:43Z" finished-at="2021-02-07T10:56:19Z">
      <class name="com.specflow.testcases.Login">
        <test-method status="PASS" signature="initialize()[pri:0, instance:com.specflow.testcases.Login@5622fdf]" name="initialize" is-config="true" duration-ms="1290" started-at="2021-02-07T10:55:42Z" finished-at="2021-02-07T10:55:43Z">
          <reporter-output>
          </reporter-output>
        </test-method> <!-- initialize -->
        <test-method status="PASS" signature="setUp()[pri:0, instance:com.specflow.testcases.Login@5622fdf]" name="setUp" is-config="true" duration-ms="15383" started-at="2021-02-07T10:55:43Z" finished-at="2021-02-07T10:55:59Z">
          <reporter-output>
          </reporter-output>
        </test-method> <!-- setUp -->
        <test-method status="PASS" signature="loginGmail()[pri:0, instance:com.specflow.testcases.Login@5622fdf]" name="loginGmail" duration-ms="16363" started-at="2021-02-07T10:55:59Z" finished-at="2021-02-07T10:56:15Z">
          <reporter-output>
          </reporter-output>
        </test-method> <!-- loginGmail -->
        <test-method status="PASS" signature="afterMethod(org.testng.ITestResult)[pri:0, instance:com.specflow.testcases.Login@5622fdf]" name="afterMethod" is-config="true" duration-ms="940" started-at="2021-02-07T10:56:15Z" finished-at="2021-02-07T10:56:16Z">
          <params>
            <param index="0">
              <value>
                <![CDATA[[TestResult name=loginGmail status=SUCCESS method=Login.loginGmail()[pri:0, instance:com.specflow.testcases.Login@5622fdf] output={null}]]]>
              </value>
            </param>
          </params>
          <reporter-output>
          </reporter-output>
        </test-method> <!-- afterMethod -->
        <test-method status="PASS" signature="tearDown()[pri:0, instance:com.specflow.testcases.Login@5622fdf]" name="tearDown" is-config="true" duration-ms="2888" started-at="2021-02-07T10:56:16Z" finished-at="2021-02-07T10:56:19Z">
          <reporter-output>
          </reporter-output>
        </test-method> <!-- tearDown -->
        <test-method status="PASS" signature="afterSuite()[pri:0, instance:com.specflow.testcases.Login@5622fdf]" name="afterSuite" is-config="true" duration-ms="0" started-at="2021-02-07T10:56:19Z" finished-at="2021-02-07T10:56:19Z">
          <reporter-output>
          </reporter-output>
        </test-method> <!-- afterSuite -->
      </class> <!-- com.specflow.testcases.Login -->
    </test> <!-- Default test -->
  </suite> <!-- Default suite -->
</testng-results>
